[debug] [2024-07-24T09:27:16.226Z] ----------------------------------------------------------------------
[debug] [2024-07-24T09:27:16.230Z] Command:       C:\Program Files\nodejs\node.exe C:\Users\DeLL\AppData\Roaming\npm\node_modules\firebase-tools\lib\bin\firebase.js init
[debug] [2024-07-24T09:27:16.230Z] CLI Version:   13.14.0
[debug] [2024-07-24T09:27:16.230Z] Platform:      win32
[debug] [2024-07-24T09:27:16.230Z] Node Version:  v20.13.1
[debug] [2024-07-24T09:27:16.230Z] Time:          Wed Jul 24 2024 14:57:16 GMT+0530 (India Standard Time)
[debug] [2024-07-24T09:27:16.231Z] ----------------------------------------------------------------------
[debug] 
[debug] [2024-07-24T09:27:16.236Z] >>> [apiv2][query] GET https://firebase-public.firebaseio.com/cli.json [none]
[debug] [2024-07-24T09:27:16.302Z] > command requires scopes: ["email","openid","https://www.googleapis.com/auth/cloudplatformprojects.readonly","https://www.googleapis.com/auth/firebase","https://www.googleapis.com/auth/cloud-platform"]
[debug] [2024-07-24T09:27:16.303Z] > authorizing via signed-in user (bt21ec028@nitmz.ac.in)
[info] 
     ######## #### ########  ######## ########     ###     ######  ########
     ##        ##  ##     ## ##       ##     ##  ##   ##  ##       ##
     ######    ##  ########  ######   ########  #########  ######  ######
     ##        ##  ##    ##  ##       ##     ## ##     ##       ## ##
     ##       #### ##     ## ######## ########  ##     ##  ######  ########

You're about to initialize a Firebase project in this directory:

  C:\Users\DeLL\Desktop\banking-project\banking-app

[debug] [2024-07-24T09:27:16.980Z] <<< [apiv2][status] GET https://firebase-public.firebaseio.com/cli.json 200
[debug] [2024-07-24T09:27:16.981Z] <<< [apiv2][body] GET https://firebase-public.firebaseio.com/cli.json {"cloudBuildErrorAfter":1594252800000,"cloudBuildWarnAfter":1590019200000,"defaultNode10After":1594252800000,"minVersion":"3.0.5","node8DeploysDisabledAfter":1613390400000,"node8RuntimeDisabledAfter":1615809600000,"node8WarnAfter":1600128000000}
[info] 
=== Project Setup
[info] 
[info] First, let's associate this project directory with a Firebase project.
[info] You can create multiple project aliases by running firebase use --add, 
[info] but for now we'll just set up a default project.
[info] 
[debug] [2024-07-24T09:36:44.954Z] > refreshing access token with scopes: []
[debug] [2024-07-24T09:36:44.955Z] >>> [apiv2][query] POST https://www.googleapis.com/oauth2/v3/token [none]
[debug] [2024-07-24T09:36:44.955Z] >>> [apiv2][body] POST https://www.googleapis.com/oauth2/v3/token [omitted]
[debug] [2024-07-24T09:36:45.227Z] <<< [apiv2][status] POST https://www.googleapis.com/oauth2/v3/token 200
[debug] [2024-07-24T09:36:45.227Z] <<< [apiv2][body] POST https://www.googleapis.com/oauth2/v3/token [omitted]
[debug] [2024-07-24T09:36:45.248Z] >>> [apiv2][query] GET https://firebase.googleapis.com/v1beta1/projects pageSize=100
[debug] [2024-07-24T09:36:46.034Z] <<< [apiv2][status] GET https://firebase.googleapis.com/v1beta1/projects 200
[debug] [2024-07-24T09:36:46.034Z] <<< [apiv2][body] GET https://firebase.googleapis.com/v1beta1/projects [omitted]
[info] i  Using project linkdin-clone-6ab44 (linkdin-clone) 
[info] 
=== Database Setup
[info] i  database: ensuring required API firebasedatabase.googleapis.com is enabled... 
[debug] [2024-07-24T09:36:56.443Z] >>> [apiv2][query] GET https://serviceusage.googleapis.com/v1/projects/linkdin-clone-6ab44/services/firebasedatabase.googleapis.com [none]
[debug] [2024-07-24T09:36:56.443Z] >>> [apiv2][(partial)header] GET https://serviceusage.googleapis.com/v1/projects/linkdin-clone-6ab44/services/firebasedatabase.googleapis.com x-goog-quota-user=projects/linkdin-clone-6ab44
[debug] [2024-07-24T09:36:58.477Z] <<< [apiv2][status] GET https://serviceusage.googleapis.com/v1/projects/linkdin-clone-6ab44/services/firebasedatabase.googleapis.com 200
[debug] [2024-07-24T09:36:58.477Z] <<< [apiv2][body] GET https://serviceusage.googleapis.com/v1/projects/linkdin-clone-6ab44/services/firebasedatabase.googleapis.com [omitted]
[warn] !  database: missing required API firebasedatabase.googleapis.com. Enabling now... 
[debug] [2024-07-24T09:36:58.479Z] >>> [apiv2][query] POST https://serviceusage.googleapis.com/v1/projects/linkdin-clone-6ab44/services/firebasedatabase.googleapis.com:enable [none]
[debug] [2024-07-24T09:36:58.479Z] >>> [apiv2][(partial)header] POST https://serviceusage.googleapis.com/v1/projects/linkdin-clone-6ab44/services/firebasedatabase.googleapis.com:enable x-goog-quota-user=projects/linkdin-clone-6ab44
[debug] [2024-07-24T09:36:59.009Z] <<< [apiv2][status] POST https://serviceusage.googleapis.com/v1/projects/linkdin-clone-6ab44/services/firebasedatabase.googleapis.com:enable 200
[debug] [2024-07-24T09:36:59.009Z] <<< [apiv2][body] POST https://serviceusage.googleapis.com/v1/projects/linkdin-clone-6ab44/services/firebasedatabase.googleapis.com:enable [omitted]
[debug] [2024-07-24T09:37:09.017Z] >>> [apiv2][query] GET https://serviceusage.googleapis.com/v1/projects/linkdin-clone-6ab44/services/firebasedatabase.googleapis.com [none]
[debug] [2024-07-24T09:37:09.017Z] >>> [apiv2][(partial)header] GET https://serviceusage.googleapis.com/v1/projects/linkdin-clone-6ab44/services/firebasedatabase.googleapis.com x-goog-quota-user=projects/linkdin-clone-6ab44
[debug] [2024-07-24T09:37:10.873Z] <<< [apiv2][status] GET https://serviceusage.googleapis.com/v1/projects/linkdin-clone-6ab44/services/firebasedatabase.googleapis.com 200
[debug] [2024-07-24T09:37:10.874Z] <<< [apiv2][body] GET https://serviceusage.googleapis.com/v1/projects/linkdin-clone-6ab44/services/firebasedatabase.googleapis.com [omitted]
[info] +  database: required API firebasedatabase.googleapis.com is enabled 
[info] 
[debug] [2024-07-24T09:37:10.881Z] >>> [apiv2][query] GET https://firebase.googleapis.com/v1beta1/projects/linkdin-clone-6ab44 [none]
[debug] [2024-07-24T09:37:11.372Z] <<< [apiv2][status] GET https://firebase.googleapis.com/v1beta1/projects/linkdin-clone-6ab44 200
[debug] [2024-07-24T09:37:11.372Z] <<< [apiv2][body] GET https://firebase.googleapis.com/v1beta1/projects/linkdin-clone-6ab44 {"projectId":"linkdin-clone-6ab44","projectNumber":"379931153256","displayName":"linkdin-clone","name":"projects/linkdin-clone-6ab44","resources":{"hostingSite":"linkdin-clone-6ab44"},"state":"ACTIVE","etag":"1_c402a409-bdd5-4c64-999e-38c0726bc9e7"}
[debug] [2024-07-24T09:37:29.828Z] >>> [apiv2][query] POST https://firebasedatabase.googleapis.com/v1beta/projects/linkdin-clone-6ab44/locations/us-central1/instances databaseId=linkdin-clone-6ab44-default-rtdb&validateOnly=true
[debug] [2024-07-24T09:37:29.828Z] >>> [apiv2][body] POST https://firebasedatabase.googleapis.com/v1beta/projects/linkdin-clone-6ab44/locations/us-central1/instances {"type":"default_database"}
[debug] [2024-07-24T09:37:32.163Z] <<< [apiv2][status] POST https://firebasedatabase.googleapis.com/v1beta/projects/linkdin-clone-6ab44/locations/us-central1/instances 200
[debug] [2024-07-24T09:37:32.164Z] <<< [apiv2][body] POST https://firebasedatabase.googleapis.com/v1beta/projects/linkdin-clone-6ab44/locations/us-central1/instances {"name":"projects/379931153256/locations/us-central1/instances/linkdin-clone-6ab44-default-rtdb","project":"projects/379931153256","databaseUrl":"https://linkdin-clone-6ab44-default-rtdb.firebaseio.com","type":"DEFAULT_DATABASE","state":"ACTIVE"}
[debug] [2024-07-24T09:37:32.167Z] >>> [apiv2][query] POST https://firebasedatabase.googleapis.com/v1beta/projects/linkdin-clone-6ab44/locations/us-central1/instances databaseId=linkdin-clone-6ab44-default-rtdb
[debug] [2024-07-24T09:37:32.167Z] >>> [apiv2][body] POST https://firebasedatabase.googleapis.com/v1beta/projects/linkdin-clone-6ab44/locations/us-central1/instances {"type":"default_database"}
[debug] [2024-07-24T09:37:32.961Z] <<< [apiv2][status] POST https://firebasedatabase.googleapis.com/v1beta/projects/linkdin-clone-6ab44/locations/us-central1/instances 200
[debug] [2024-07-24T09:37:32.961Z] <<< [apiv2][body] POST https://firebasedatabase.googleapis.com/v1beta/projects/linkdin-clone-6ab44/locations/us-central1/instances {"name":"projects/379931153256/locations/us-central1/instances/linkdin-clone-6ab44-default-rtdb","project":"projects/379931153256","databaseUrl":"https://linkdin-clone-6ab44-default-rtdb.firebaseio.com","type":"DEFAULT_DATABASE","state":"ACTIVE"}
[info] 
[info] Firebase Realtime Database Security Rules allow you to define how your data should be
[info] structured and when your data can be read from and written to.
[info] 
[debug] [2024-07-24T09:37:44.853Z] >>> [apiv2][query] GET https://linkdin-clone-6ab44-default-rtdb.firebaseio.com/.settings/rules.json [none]
[debug] [2024-07-24T09:37:45.866Z] <<< [apiv2][status] GET https://linkdin-clone-6ab44-default-rtdb.firebaseio.com/.settings/rules.json 200
[debug] [2024-07-24T09:37:45.866Z] <<< [apiv2][body] GET https://linkdin-clone-6ab44-default-rtdb.firebaseio.com/.settings/rules.json [stream]
[info] +  Database Rules for linkdin-clone-6ab44-default-rtdb have been written to database.rules.json. 
[info] Future modifications to database.rules.json will update Realtime Database Security Rules when you run
[info] firebase deploy.
[info] 
=== Hosting Setup
[debug] [2024-07-24T09:37:45.873Z] >>> [apiv2][query] GET https://firebase.googleapis.com/v1beta1/projects/linkdin-clone-6ab44 [none]
[debug] [2024-07-24T09:37:46.344Z] <<< [apiv2][status] GET https://firebase.googleapis.com/v1beta1/projects/linkdin-clone-6ab44 200
[debug] [2024-07-24T09:37:46.345Z] <<< [apiv2][body] GET https://firebase.googleapis.com/v1beta1/projects/linkdin-clone-6ab44 {"projectId":"linkdin-clone-6ab44","projectNumber":"379931153256","displayName":"linkdin-clone","name":"projects/linkdin-clone-6ab44","resources":{"hostingSite":"linkdin-clone-6ab44","realtimeDatabaseInstance":"linkdin-clone-6ab44-default-rtdb"},"state":"ACTIVE","etag":"1_c402a409-bdd5-4c64-999e-38c0726bc9e7"}
[info] 
[info] Your public directory is the folder (relative to your project directory) that
[info] will contain Hosting assets to be uploaded with firebase deploy. If you
[info] have a build process for your assets, use your build's output directory.
[info] 
[debug] [2024-07-24T09:43:05.566Z] >>> [apiv2][query] GET https://www.gstatic.com/firebasejs/releases.json [none]
[debug] [2024-07-24T09:43:05.743Z] <<< [apiv2][status] GET https://www.gstatic.com/firebasejs/releases.json 200
[debug] [2024-07-24T09:43:05.744Z] <<< [apiv2][body] GET https://www.gstatic.com/firebasejs/releases.json {"current":{"version":"10.12.4","browserURL":"https://www.gstatic.com/firebasejs/10.12.4/firebase.js","packageURL":"https://www.gstatic.com/firebasejs/10.12.4/firebase.tgz"},"live":{"version":"10.12","browserURL":"https://www.gstatic.com/firebasejs/live/10.12/firebase.js","packageURL":"https://www.gstatic.com/firebasejs/live/10.12/firebase.tgz"},"components":{"analytics":"https://www.gstatic.com/firebasejs/10.12.4/firebase-analytics.js","app":"https://www.gstatic.com/firebasejs/10.12.4/firebase-app.js","app-check":"https://www.gstatic.com/firebasejs/10.12.4/firebase-app-check.js","auth":"https://www.gstatic.com/firebasejs/10.12.4/firebase-auth.js","auth/cordova":"https://www.gstatic.com/firebasejs/10.12.4/firebase-auth/cordova.js","auth/web-extension":"https://www.gstatic.com/firebasejs/10.12.4/firebase-auth/web-extension.js","functions":"https://www.gstatic.com/firebasejs/10.12.4/firebase-functions.js","firestore":"https://www.gstatic.com/firebasejs/10.12.4/firebase-firestore.js","firestore/lite":"https://www.gstatic.com/firebasejs/10.12.4/firebase-firestore/lite.js","installations":"https://www.gstatic.com/firebasejs/10.12.4/firebase-installations.js","storage":"https://www.gstatic.com/firebasejs/10.12.4/firebase-storage.js","performance":"https://www.gstatic.com/firebasejs/10.12.4/firebase-performance.js","remote-config":"https://www.gstatic.com/firebasejs/10.12.4/firebase-remote-config.js","messaging":"https://www.gstatic.com/firebasejs/10.12.4/firebase-messaging.js","messaging/sw":"https://www.gstatic.com/firebasejs/10.12.4/firebase-messaging/sw.js","database":"https://www.gstatic.com/firebasejs/10.12.4/firebase-database.js","vertexai-preview":"https://www.gstatic.com/firebasejs/10.12.4/firebase-vertexai-preview.js","firestore.memory":"https://www.gstatic.com/firebasejs/10.12.4/firebase-firestore.memory.js"}}
[info] i  Skipping write of public/index.html 
[info] 
[info] i  Detected a .git folder at C:\Users\DeLL 
[info] i  Authorizing with GitHub to upload your service account to a GitHub repository's secrets store. 
[info] 
[info] Visit this URL on this device to log in:
[info] https://github.com/login/oauth/authorize?client_id=89cf50f02ac6aaed3484&state=999196393&redirect_uri=http%3A%2F%2Flocalhost%3A9005&scope=read%3Auser%20repo%20public_repo
[info] 
[info] Waiting for authentication...
[debug] [2024-07-24T09:45:36.310Z] >>> [apiv2][query] POST https://github.com/login/oauth/access_token [none]
[debug] [2024-07-24T09:45:36.310Z] >>> [apiv2][body] POST https://github.com/login/oauth/access_token [stream]
[debug] [2024-07-24T09:45:36.779Z] <<< [apiv2][status] POST https://github.com/login/oauth/access_token 200
[debug] [2024-07-24T09:45:36.779Z] <<< [apiv2][body] POST https://github.com/login/oauth/access_token {"access_token":"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","token_type":"bearer","scope":"read:user,repo"}
[debug] [2024-07-24T09:45:36.788Z] >>> [apiv2][query] GET https://api.github.com/user [none]
[debug] [2024-07-24T09:45:37.245Z] <<< [apiv2][status] GET https://api.github.com/user 200
[debug] [2024-07-24T09:45:37.245Z] <<< [apiv2][body] GET https://api.github.com/user {"login":"Hunter47dj","id":107131075,"node_id":"U_kgDOBmKwww","avatar_url":"https://avatars.githubusercontent.com/u/107131075?v=4","gravatar_id":"","url":"https://api.github.com/users/Hunter47dj","html_url":"https://github.com/Hunter47dj","followers_url":"https://api.github.com/users/Hunter47dj/followers","following_url":"https://api.github.com/users/Hunter47dj/following{/other_user}","gists_url":"https://api.github.com/users/Hunter47dj/gists{/gist_id}","starred_url":"https://api.github.com/users/Hunter47dj/starred{/owner}{/repo}","subscriptions_url":"https://api.github.com/users/Hunter47dj/subscriptions","organizations_url":"https://api.github.com/users/Hunter47dj/orgs","repos_url":"https://api.github.com/users/Hunter47dj/repos","events_url":"https://api.github.com/users/Hunter47dj/events{/privacy}","received_events_url":"https://api.github.com/users/Hunter47dj/received_events","type":"User","site_admin":false,"name":"Dharmendra Choudhary","company":null,"blog":"","location":null,"email":null,"hireable":null,"bio":null,"twitter_username":null,"public_repos":7,"public_gists":0,"followers":2,"following":1,"created_at":"2022-06-08T14:56:50Z","updated_at":"2024-07-17T20:14:23Z","private_gists":0,"total_private_repos":1,"owned_private_repos":1,"disk_usage":39772,"collaborators":0,"two_factor_authentication":false,"plan":{"name":"free","space":976562499,"collaborators":0,"private_repos":10000}}
[info] 
[info] +  Success! Logged into GitHub as Hunter47dj 
[info] 
